<?xml version="1.0" encoding="UTF-8"?>
<!-- Generated by org.testng.reporters.JUnitReportReporter -->
<testsuite skipped="0" hostname="HOMESERVER9900" name="YBAPP.testngxmlcutout" tests="4" failures="0" timestamp="2020-04-14T20:46:52 CDT" time="0.023" errors="0">
  <testcase name="Size8" time="0.013" classname="YBAPP.testngxmlcutout"/>
  <testcase name="cutout1" time="0.006" classname="YBAPP.testngxmlcutout"/>
  <testcase name="size7" time="0.002" classname="YBAPP.testngxmlcutout"/>
  <testcase name="cutout2" time="0.002" classname="YBAPP.testngxmlcutout"/>
</testsuite> <!-- YBAPP.testngxmlcutout -->
