<?xml version="1.0" encoding="UTF-8"?>
<!-- Generated by org.testng.reporters.JUnitReportReporter -->
<testsuite skipped="0" hostname="HOMESERVER9900" name="YBAPP.MainPage" tests="8" failures="0" timestamp="2020-04-14T20:46:52 CDT" time="0.021" errors="0">
  <testcase name="OverviewSectionTestcase" time="0.004" classname="YBAPP.MainPage"/>
  <testcase name="dashBoardTestcase" time="0.002" classname="YBAPP.MainPage"/>
  <testcase name="dashBoardTestcase" time="0.002" classname="YBAPP.MainPage"/>
  <testcase name="dashBoardTestcase" time="0.001" classname="YBAPP.MainPage"/>
  <testcase name="OverviewSectionTestcase" time="0.001" classname="YBAPP.MainPage"/>
  <testcase name="OverviewSectionTestcase" time="0.008" classname="YBAPP.MainPage"/>
  <testcase name="OverviewSectionTestcase" time="0.002" classname="YBAPP.MainPage"/>
  <testcase name="dashBoardTestcase" time="0.001" classname="YBAPP.MainPage"/>
</testsuite> <!-- YBAPP.MainPage -->
