<?xml version="1.0" encoding="UTF-8"?>
<!-- Generated by org.testng.reporters.JUnitReportReporter -->
<testsuite hostname="LTI-4D6JVT2" failures="0" tests="3" name="Support.testngxmlTraditional" time="0.004" errors="0" timestamp="2020-04-08T20:23:06 CDT" skipped="0">
  <testcase classname="Support.testngxmlTraditional" name="size7and8" time="0.001"/>
  <testcase classname="Support.testngxmlTraditional" name="size9" time="0.002"/>
  <testcase classname="Support.testngxmlTraditional" name="traditional2" time="0.001"/>
</testsuite> <!-- Support.testngxmlTraditional -->
