<?xml version="1.0" encoding="UTF-8"?>
<!-- Generated by org.testng.reporters.JUnitReportReporter -->
<testsuite skipped="0" hostname="HOMESERVER9900" name="YBAPP.useListnerinClass" tests="1" failures="0" timestamp="2020-04-14T20:46:52 CDT" time="0.004" errors="0">
  <testcase name="testcase1" time="0.004" classname="YBAPP.useListnerinClass"/>
</testsuite> <!-- YBAPP.useListnerinClass -->
