<?xml version="1.0" encoding="UTF-8"?>
<!-- Generated by org.testng.reporters.JUnitReportReporter -->
<testsuite hostname="LTI-4D6JVT2" failures="0" tests="1" name="YBAPP.ybDbAccess" time="0.007" errors="0" timestamp="2020-04-08T23:35:24 CDT" skipped="0">
  <testcase classname="YBAPP.ybDbAccess" name="loginDb" time="0.007"/>
</testsuite> <!-- YBAPP.ybDbAccess -->
