<?xml version="1.0" encoding="UTF-8"?>
<!-- Generated by org.testng.reporters.JUnitReportReporter -->
<testsuite hostname="LTI-4D6JVT2" failures="0" tests="2" name="Support.testng" time="0.013" errors="0" timestamp="2020-04-08T20:23:06 CDT" skipped="0">
  <testcase classname="Support.testng" name="step4" time="0.003"/>
  <testcase classname="Support.testng" name="step1" time="0.010"/>
</testsuite> <!-- Support.testng -->
