<?xml version="1.0" encoding="UTF-8"?>
<!-- Generated by org.testng.reporters.JUnitReportReporter -->
<testsuite skipped="0" hostname="HOMESERVER9900" name="FOWAPP.SupplementEvents" tests="2" failures="0" timestamp="2020-04-14T20:46:52 CDT" time="0.009" errors="0">
  <testcase name="SupplementEvents2021" time="0.001" classname="FOWAPP.SupplementEvents"/>
  <testcase name="SupplementEvents1920" time="0.008" classname="FOWAPP.SupplementEvents"/>
</testsuite> <!-- FOWAPP.SupplementEvents -->
