<?xml version="1.0" encoding="UTF-8"?>
<!-- Generated by org.testng.reporters.JUnitReportReporter -->
<testsuite hostname="LTI-4D6JVT2" failures="0" tests="3" name="Support.testngxmlcanvaseImage" time="0.005" errors="0" timestamp="2020-04-08T20:23:06 CDT" skipped="0">
  <testcase classname="Support.testngxmlcanvaseImage" name="canvas2" time="0.002"/>
  <testcase classname="Support.testngxmlcanvaseImage" name="canvas1" time="0.002"/>
  <testcase classname="Support.testngxmlcanvaseImage" name="Image2" time="0.001"/>
</testsuite> <!-- Support.testngxmlcanvaseImage -->
