<?xml version="1.0" encoding="UTF-8"?>
<!-- Generated by org.testng.reporters.JUnitReportReporter -->
<testsuite skipped="0" hostname="HOMESERVER9900" name="YBAPP.MultiThreadingex" tests="5" failures="0" timestamp="2020-04-14T20:46:52 CDT" time="0.035" errors="0">
  <testcase name="test2" time="0.003" classname="YBAPP.MultiThreadingex"/>
  <testcase name="test1" time="0.013" classname="YBAPP.MultiThreadingex"/>
  <testcase name="test3" time="0.003" classname="YBAPP.MultiThreadingex"/>
  <testcase name="test2" time="0.002" classname="YBAPP.MultiThreadingex"/>
  <testcase name="test1" time="0.014" classname="YBAPP.MultiThreadingex"/>
</testsuite> <!-- YBAPP.MultiThreadingex -->
