<?xml version="1.0" encoding="UTF-8"?>
<!-- Generated by org.testng.reporters.JUnitReportReporter -->
<testsuite skipped="0" hostname="HOMESERVER9900" name="YBAPP.testngxmlTraditional" tests="3" failures="0" timestamp="2020-04-14T20:46:52 CDT" time="0.007" errors="0">
  <testcase name="size7and8" time="0.003" classname="YBAPP.testngxmlTraditional"/>
  <testcase name="traditional2" time="0.002" classname="YBAPP.testngxmlTraditional"/>
  <testcase name="size9" time="0.002" classname="YBAPP.testngxmlTraditional"/>
</testsuite> <!-- YBAPP.testngxmlTraditional -->
