<?xml version="1.0" encoding="UTF-8"?>
<!-- Generated by org.testng.reporters.JUnitReportReporter -->
<testsuite skipped="0" hostname="HOMESERVER9900" name="YBAPP.testng" tests="2" failures="0" timestamp="2020-04-14T20:46:52 CDT" time="0.013" errors="0">
  <testcase name="step4" time="0.002" classname="YBAPP.testng"/>
  <testcase name="step1" time="0.011" classname="YBAPP.testng"/>
</testsuite> <!-- YBAPP.testng -->
