<?xml version="1.0" encoding="UTF-8"?>
<!-- Generated by org.testng.reporters.JUnitReportReporter -->
<testsuite skipped="0" hostname="HOMESERVER9900" name="FOWAPP.OriginalEvent" tests="2" failures="0" timestamp="2020-04-14T20:46:52 CDT" time="0.003" errors="0">
  <testcase name="OriginalEvent2021" time="0.002" classname="FOWAPP.OriginalEvent"/>
  <testcase name="OriginalEvent1920" time="0.001" classname="FOWAPP.OriginalEvent"/>
</testsuite> <!-- FOWAPP.OriginalEvent -->
